{"/Users/jjcarrancia/Projects/docplanner-challenge/src/App.tsx": {"path":"/Users/jjcarrancia/Projects/docplanner-challenge/src/App.tsx","all":true,"statementMap":{"0":{"start":{"line":1,"column":0},"end":{"line":1,"column":36}},"1":{"start":{"line":2,"column":0},"end":{"line":2,"column":0}},"2":{"start":{"line":3,"column":0},"end":{"line":3,"column":71}},"3":{"start":{"line":4,"column":0},"end":{"line":4,"column":0}},"4":{"start":{"line":5,"column":0},"end":{"line":5,"column":29}},"5":{"start":{"line":6,"column":0},"end":{"line":6,"column":9}},"6":{"start":{"line":7,"column":0},"end":{"line":7,"column":4}},"7":{"start":{"line":8,"column":0},"end":{"line":8,"column":19}},"8":{"start":{"line":9,"column":0},"end":{"line":9,"column":5}},"9":{"start":{"line":10,"column":0},"end":{"line":10,"column":3}},"10":{"start":{"line":11,"column":0},"end":{"line":11,"column":2}},"11":{"start":{"line":12,"column":0},"end":{"line":12,"column":0}},"12":{"start":{"line":13,"column":0},"end":{"line":13,"column":19}}},"s":{"0":0,"1":0,"2":0,"3":0,"4":0,"5":0,"6":0,"7":0,"8":0,"9":0,"10":0,"11":0,"12":0},"branchMap":{"0":{"type":"branch","line":1,"loc":{"start":{"line":1,"column":209},"end":{"line":13,"column":19}},"locations":[{"start":{"line":1,"column":209},"end":{"line":13,"column":19}}]}},"b":{"0":[0]},"fnMap":{"0":{"name":"(empty-report)","decl":{"start":{"line":1,"column":209},"end":{"line":13,"column":19}},"loc":{"start":{"line":1,"column":209},"end":{"line":13,"column":19}},"line":1}},"f":{"0":0}}
,"/Users/jjcarrancia/Projects/docplanner-challenge/src/config.ts": {"path":"/Users/jjcarrancia/Projects/docplanner-challenge/src/config.ts","all":false,"statementMap":{"0":{"start":{"line":1,"column":0},"end":{"line":1,"column":35}},"1":{"start":{"line":2,"column":0},"end":{"line":2,"column":57}}},"s":{"0":1,"1":1},"branchMap":{},"b":{},"fnMap":{},"f":{}}
,"/Users/jjcarrancia/Projects/docplanner-challenge/src/main.tsx": {"path":"/Users/jjcarrancia/Projects/docplanner-challenge/src/main.tsx","all":true,"statementMap":{"0":{"start":{"line":1,"column":0},"end":{"line":1,"column":25}},"1":{"start":{"line":2,"column":0},"end":{"line":2,"column":39}},"2":{"start":{"line":3,"column":0},"end":{"line":3,"column":27}},"3":{"start":{"line":4,"column":0},"end":{"line":4,"column":20}},"4":{"start":{"line":5,"column":0},"end":{"line":5,"column":0}},"5":{"start":{"line":6,"column":0},"end":{"line":6,"column":61}},"6":{"start":{"line":7,"column":0},"end":{"line":7,"column":20}},"7":{"start":{"line":8,"column":0},"end":{"line":8,"column":11}},"8":{"start":{"line":9,"column":0},"end":{"line":9,"column":22}},"9":{"start":{"line":10,"column":0},"end":{"line":10,"column":1}}},"s":{"0":0,"1":0,"2":0,"3":0,"4":0,"5":0,"6":0,"7":0,"8":0,"9":0},"branchMap":{"0":{"type":"branch","line":1,"loc":{"start":{"line":1,"column":235},"end":{"line":10,"column":1}},"locations":[{"start":{"line":1,"column":235},"end":{"line":10,"column":1}}]}},"b":{"0":[0]},"fnMap":{"0":{"name":"(empty-report)","decl":{"start":{"line":1,"column":235},"end":{"line":10,"column":1}},"loc":{"start":{"line":1,"column":235},"end":{"line":10,"column":1}},"line":1}},"f":{"0":0}}
,"/Users/jjcarrancia/Projects/docplanner-challenge/src/components/AppointmentDetails/index.tsx": {"path":"/Users/jjcarrancia/Projects/docplanner-challenge/src/components/AppointmentDetails/index.tsx","all":false,"statementMap":{"0":{"start":{"line":1,"column":0},"end":{"line":1,"column":26}},"1":{"start":{"line":2,"column":0},"end":{"line":2,"column":59}},"2":{"start":{"line":3,"column":0},"end":{"line":3,"column":56}},"3":{"start":{"line":4,"column":0},"end":{"line":4,"column":0}},"4":{"start":{"line":5,"column":0},"end":{"line":5,"column":35}},"5":{"start":{"line":6,"column":0},"end":{"line":6,"column":18}},"6":{"start":{"line":7,"column":0},"end":{"line":7,"column":18}},"7":{"start":{"line":8,"column":0},"end":{"line":8,"column":1}},"8":{"start":{"line":9,"column":0},"end":{"line":9,"column":0}},"9":{"start":{"line":10,"column":0},"end":{"line":10,"column":64}},"10":{"start":{"line":11,"column":0},"end":{"line":11,"column":9}},"11":{"start":{"line":12,"column":0},"end":{"line":12,"column":13}},"12":{"start":{"line":13,"column":0},"end":{"line":13,"column":7}},"13":{"start":{"line":14,"column":0},"end":{"line":14,"column":39}},"14":{"start":{"line":15,"column":0},"end":{"line":15,"column":48}},"15":{"start":{"line":16,"column":0},"end":{"line":16,"column":0}},"16":{"start":{"line":17,"column":0},"end":{"line":17,"column":9}},"17":{"start":{"line":18,"column":0},"end":{"line":18,"column":4}},"18":{"start":{"line":19,"column":0},"end":{"line":19,"column":32}},"19":{"start":{"line":20,"column":0},"end":{"line":20,"column":49}},"20":{"start":{"line":21,"column":0},"end":{"line":21,"column":7}},"21":{"start":{"line":22,"column":0},"end":{"line":22,"column":13}},"22":{"start":{"line":23,"column":0},"end":{"line":23,"column":16}},"23":{"start":{"line":24,"column":0},"end":{"line":24,"column":38}},"24":{"start":{"line":25,"column":0},"end":{"line":25,"column":9}},"25":{"start":{"line":26,"column":0},"end":{"line":26,"column":49}},"26":{"start":{"line":27,"column":0},"end":{"line":27,"column":6}},"27":{"start":{"line":28,"column":0},"end":{"line":28,"column":9}},"28":{"start":{"line":29,"column":0},"end":{"line":29,"column":51}},"29":{"start":{"line":30,"column":0},"end":{"line":30,"column":33}},"30":{"start":{"line":31,"column":0},"end":{"line":31,"column":5}},"31":{"start":{"line":32,"column":0},"end":{"line":32,"column":23}},"32":{"start":{"line":33,"column":0},"end":{"line":33,"column":11}},"33":{"start":{"line":34,"column":0},"end":{"line":34,"column":14}},"34":{"start":{"line":35,"column":0},"end":{"line":35,"column":6}},"35":{"start":{"line":36,"column":0},"end":{"line":36,"column":48}},"36":{"start":{"line":37,"column":0},"end":{"line":37,"column":10}},"37":{"start":{"line":38,"column":0},"end":{"line":38,"column":63}},"38":{"start":{"line":39,"column":0},"end":{"line":39,"column":7}},"39":{"start":{"line":40,"column":0},"end":{"line":40,"column":5}},"40":{"start":{"line":41,"column":0},"end":{"line":41,"column":3}},"41":{"start":{"line":42,"column":0},"end":{"line":42,"column":2}},"42":{"start":{"line":43,"column":0},"end":{"line":43,"column":0}},"43":{"start":{"line":44,"column":0},"end":{"line":44,"column":34}}},"s":{"0":1,"1":1,"2":1,"3":1,"4":1,"5":1,"6":1,"7":1,"8":1,"9":1,"10":2,"11":2,"12":2,"13":2,"14":2,"15":2,"16":2,"17":2,"18":2,"19":2,"20":2,"21":2,"22":2,"23":1,"24":1,"25":1,"26":2,"27":2,"28":2,"29":2,"30":2,"31":2,"32":2,"33":2,"34":2,"35":2,"36":2,"37":2,"38":2,"39":2,"40":2,"41":2,"42":1,"43":1},"branchMap":{"0":{"type":"branch","line":10,"loc":{"start":{"line":10,"column":62},"end":{"line":42,"column":2}},"locations":[{"start":{"line":10,"column":62},"end":{"line":42,"column":2}}]},"1":{"type":"branch","line":23,"loc":{"start":{"line":23,"column":5},"end":{"line":24,"column":38}},"locations":[{"start":{"line":23,"column":5},"end":{"line":24,"column":38}}]},"2":{"type":"branch","line":24,"loc":{"start":{"line":24,"column":36},"end":{"line":26,"column":49}},"locations":[{"start":{"line":24,"column":36},"end":{"line":26,"column":49}}]},"3":{"type":"branch","line":29,"loc":{"start":{"line":29,"column":19},"end":{"line":29,"column":46}},"locations":[{"start":{"line":29,"column":19},"end":{"line":29,"column":46}}]},"4":{"type":"branch","line":29,"loc":{"start":{"line":29,"column":29},"end":{"line":29,"column":48}},"locations":[{"start":{"line":29,"column":29},"end":{"line":29,"column":48}}]}},"b":{"0":[2],"1":[1],"2":[1],"3":[1],"4":[1]},"fnMap":{"0":{"name":"AppointmentDetails","decl":{"start":{"line":10,"column":62},"end":{"line":42,"column":2}},"loc":{"start":{"line":10,"column":62},"end":{"line":42,"column":2}},"line":10}},"f":{"0":2}}
,"/Users/jjcarrancia/Projects/docplanner-challenge/src/components/AppointmentDetails/styles.ts": {"path":"/Users/jjcarrancia/Projects/docplanner-challenge/src/components/AppointmentDetails/styles.ts","all":false,"statementMap":{"0":{"start":{"line":1,"column":0},"end":{"line":1,"column":39}},"1":{"start":{"line":2,"column":0},"end":{"line":2,"column":47}},"2":{"start":{"line":3,"column":0},"end":{"line":3,"column":0}},"3":{"start":{"line":4,"column":0},"end":{"line":4,"column":35}},"4":{"start":{"line":5,"column":0},"end":{"line":5,"column":25}},"5":{"start":{"line":6,"column":0},"end":{"line":6,"column":20}},"6":{"start":{"line":7,"column":0},"end":{"line":7,"column":15}},"7":{"start":{"line":8,"column":0},"end":{"line":8,"column":19}},"8":{"start":{"line":9,"column":0},"end":{"line":9,"column":14}},"9":{"start":{"line":10,"column":0},"end":{"line":10,"column":0}},"10":{"start":{"line":11,"column":0},"end":{"line":11,"column":20}},"11":{"start":{"line":12,"column":0},"end":{"line":12,"column":32}},"12":{"start":{"line":13,"column":0},"end":{"line":13,"column":2}},"13":{"start":{"line":14,"column":0},"end":{"line":14,"column":2}},"14":{"start":{"line":15,"column":0},"end":{"line":15,"column":0}},"15":{"start":{"line":16,"column":0},"end":{"line":16,"column":39}},"16":{"start":{"line":17,"column":0},"end":{"line":17,"column":14}},"17":{"start":{"line":18,"column":0},"end":{"line":18,"column":15}},"18":{"start":{"line":19,"column":0},"end":{"line":19,"column":27}},"19":{"start":{"line":20,"column":0},"end":{"line":20,"column":19}},"20":{"start":{"line":21,"column":0},"end":{"line":21,"column":51}},"21":{"start":{"line":22,"column":0},"end":{"line":22,"column":59}},"22":{"start":{"line":23,"column":0},"end":{"line":23,"column":2}},"23":{"start":{"line":24,"column":0},"end":{"line":24,"column":0}},"24":{"start":{"line":25,"column":0},"end":{"line":25,"column":34}},"25":{"start":{"line":26,"column":0},"end":{"line":26,"column":38}},"26":{"start":{"line":27,"column":0},"end":{"line":27,"column":38}},"27":{"start":{"line":28,"column":0},"end":{"line":28,"column":20}},"28":{"start":{"line":29,"column":0},"end":{"line":29,"column":24}},"29":{"start":{"line":30,"column":0},"end":{"line":30,"column":13}},"30":{"start":{"line":31,"column":0},"end":{"line":31,"column":19}},"31":{"start":{"line":32,"column":0},"end":{"line":32,"column":12}},"32":{"start":{"line":33,"column":0},"end":{"line":33,"column":0}},"33":{"start":{"line":34,"column":0},"end":{"line":34,"column":18}},"34":{"start":{"line":35,"column":0},"end":{"line":35,"column":6}},"35":{"start":{"line":36,"column":0},"end":{"line":36,"column":27}},"36":{"start":{"line":37,"column":0},"end":{"line":37,"column":3}},"37":{"start":{"line":38,"column":0},"end":{"line":38,"column":8}},"38":{"start":{"line":39,"column":0},"end":{"line":39,"column":29}},"39":{"start":{"line":40,"column":0},"end":{"line":40,"column":3}},"40":{"start":{"line":41,"column":0},"end":{"line":41,"column":2}},"41":{"start":{"line":42,"column":0},"end":{"line":42,"column":2}}},"s":{"0":1,"1":1,"2":1,"3":1,"4":1,"5":1,"6":1,"7":1,"8":1,"9":1,"10":1,"11":1,"12":1,"13":1,"14":1,"15":1,"16":1,"17":1,"18":1,"19":1,"20":1,"21":1,"22":1,"23":1,"24":1,"25":1,"26":1,"27":1,"28":1,"29":1,"30":1,"31":1,"32":1,"33":1,"34":1,"35":1,"36":1,"37":1,"38":1,"39":1,"40":1,"41":1},"branchMap":{},"b":{},"fnMap":{},"f":{}}
,"/Users/jjcarrancia/Projects/docplanner-challenge/src/components/AppointmentTable/index.tsx": {"path":"/Users/jjcarrancia/Projects/docplanner-challenge/src/components/AppointmentTable/index.tsx","all":false,"statementMap":{"0":{"start":{"line":1,"column":0},"end":{"line":1,"column":40}},"1":{"start":{"line":2,"column":0},"end":{"line":2,"column":8}},"2":{"start":{"line":3,"column":0},"end":{"line":3,"column":14}},"3":{"start":{"line":4,"column":0},"end":{"line":4,"column":13}},"4":{"start":{"line":5,"column":0},"end":{"line":5,"column":6}},"5":{"start":{"line":6,"column":0},"end":{"line":6,"column":8}},"6":{"start":{"line":7,"column":0},"end":{"line":7,"column":14}},"7":{"start":{"line":8,"column":0},"end":{"line":8,"column":15}},"8":{"start":{"line":9,"column":0},"end":{"line":9,"column":7}},"9":{"start":{"line":10,"column":0},"end":{"line":10,"column":16}},"10":{"start":{"line":11,"column":0},"end":{"line":11,"column":18}},"11":{"start":{"line":12,"column":0},"end":{"line":12,"column":58}},"12":{"start":{"line":13,"column":0},"end":{"line":13,"column":49}},"13":{"start":{"line":14,"column":0},"end":{"line":14,"column":41}},"14":{"start":{"line":15,"column":0},"end":{"line":15,"column":64}},"15":{"start":{"line":16,"column":0},"end":{"line":16,"column":58}},"16":{"start":{"line":17,"column":0},"end":{"line":17,"column":0}},"17":{"start":{"line":18,"column":0},"end":{"line":18,"column":33}},"18":{"start":{"line":19,"column":0},"end":{"line":19,"column":55}},"19":{"start":{"line":20,"column":0},"end":{"line":20,"column":63}},"20":{"start":{"line":21,"column":0},"end":{"line":21,"column":28}},"21":{"start":{"line":22,"column":0},"end":{"line":22,"column":28}},"22":{"start":{"line":23,"column":0},"end":{"line":23,"column":18}},"23":{"start":{"line":24,"column":0},"end":{"line":24,"column":20}},"24":{"start":{"line":25,"column":0},"end":{"line":25,"column":1}},"25":{"start":{"line":26,"column":0},"end":{"line":26,"column":0}},"26":{"start":{"line":27,"column":0},"end":{"line":27,"column":60}},"27":{"start":{"line":28,"column":0},"end":{"line":28,"column":21}},"28":{"start":{"line":29,"column":0},"end":{"line":29,"column":27}},"29":{"start":{"line":30,"column":0},"end":{"line":30,"column":16}},"30":{"start":{"line":31,"column":0},"end":{"line":31,"column":16}},"31":{"start":{"line":32,"column":0},"end":{"line":32,"column":13}},"32":{"start":{"line":33,"column":0},"end":{"line":33,"column":11}},"33":{"start":{"line":34,"column":0},"end":{"line":34,"column":7}},"34":{"start":{"line":35,"column":0},"end":{"line":35,"column":59}},"35":{"start":{"line":36,"column":0},"end":{"line":36,"column":0}},"36":{"start":{"line":37,"column":0},"end":{"line":37,"column":78}},"37":{"start":{"line":38,"column":0},"end":{"line":38,"column":14}},"38":{"start":{"line":39,"column":0},"end":{"line":39,"column":2}},"39":{"start":{"line":40,"column":0},"end":{"line":40,"column":0}},"40":{"start":{"line":41,"column":0},"end":{"line":41,"column":9}},"41":{"start":{"line":42,"column":0},"end":{"line":42,"column":16}},"42":{"start":{"line":43,"column":0},"end":{"line":43,"column":10}},"43":{"start":{"line":44,"column":0},"end":{"line":44,"column":17}},"44":{"start":{"line":45,"column":0},"end":{"line":45,"column":29}},"45":{"start":{"line":46,"column":0},"end":{"line":46,"column":39}},"46":{"start":{"line":47,"column":0},"end":{"line":47,"column":26}},"47":{"start":{"line":48,"column":0},"end":{"line":48,"column":5}},"48":{"start":{"line":49,"column":0},"end":{"line":49,"column":51}},"49":{"start":{"line":50,"column":0},"end":{"line":50,"column":19}},"50":{"start":{"line":51,"column":0},"end":{"line":51,"column":18}},"51":{"start":{"line":52,"column":0},"end":{"line":52,"column":57}},"52":{"start":{"line":53,"column":0},"end":{"line":53,"column":33}},"53":{"start":{"line":54,"column":0},"end":{"line":54,"column":5}},"54":{"start":{"line":55,"column":0},"end":{"line":55,"column":18}},"55":{"start":{"line":56,"column":0},"end":{"line":56,"column":39}},"56":{"start":{"line":57,"column":0},"end":{"line":57,"column":49}},"57":{"start":{"line":58,"column":0},"end":{"line":58,"column":38}},"58":{"start":{"line":59,"column":0},"end":{"line":59,"column":44}},"59":{"start":{"line":60,"column":0},"end":{"line":60,"column":0}},"60":{"start":{"line":61,"column":0},"end":{"line":61,"column":15}},"61":{"start":{"line":62,"column":0},"end":{"line":62,"column":23}},"62":{"start":{"line":63,"column":0},"end":{"line":63,"column":17}},"63":{"start":{"line":64,"column":0},"end":{"line":64,"column":16}},"64":{"start":{"line":65,"column":0},"end":{"line":65,"column":66}},"65":{"start":{"line":66,"column":0},"end":{"line":66,"column":17}},"66":{"start":{"line":67,"column":0},"end":{"line":67,"column":16}},"67":{"start":{"line":68,"column":0},"end":{"line":68,"column":49}},"68":{"start":{"line":69,"column":0},"end":{"line":69,"column":18}},"69":{"start":{"line":70,"column":0},"end":{"line":70,"column":0}},"70":{"start":{"line":71,"column":0},"end":{"line":71,"column":54}},"71":{"start":{"line":72,"column":0},"end":{"line":72,"column":54}},"72":{"start":{"line":73,"column":0},"end":{"line":73,"column":18}},"73":{"start":{"line":74,"column":0},"end":{"line":74,"column":16}},"74":{"start":{"line":75,"column":0},"end":{"line":75,"column":27}},"75":{"start":{"line":76,"column":0},"end":{"line":76,"column":58}},"76":{"start":{"line":77,"column":0},"end":{"line":77,"column":53}},"77":{"start":{"line":78,"column":0},"end":{"line":78,"column":32}},"78":{"start":{"line":79,"column":0},"end":{"line":79,"column":12}},"79":{"start":{"line":80,"column":0},"end":{"line":80,"column":27}},"80":{"start":{"line":81,"column":0},"end":{"line":81,"column":18}},"81":{"start":{"line":82,"column":0},"end":{"line":82,"column":12}},"82":{"start":{"line":83,"column":0},"end":{"line":83,"column":12}},"83":{"start":{"line":84,"column":0},"end":{"line":84,"column":14}},"84":{"start":{"line":85,"column":0},"end":{"line":85,"column":9}},"85":{"start":{"line":86,"column":0},"end":{"line":86,"column":9}},"86":{"start":{"line":87,"column":0},"end":{"line":87,"column":19}},"87":{"start":{"line":88,"column":0},"end":{"line":88,"column":20}},"88":{"start":{"line":89,"column":0},"end":{"line":89,"column":74}},"89":{"start":{"line":90,"column":0},"end":{"line":90,"column":52}},"90":{"start":{"line":91,"column":0},"end":{"line":91,"column":19}},"91":{"start":{"line":92,"column":0},"end":{"line":92,"column":11}},"92":{"start":{"line":93,"column":0},"end":{"line":93,"column":18}},"93":{"start":{"line":94,"column":0},"end":{"line":94,"column":52}},"94":{"start":{"line":95,"column":0},"end":{"line":95,"column":34}},"95":{"start":{"line":96,"column":0},"end":{"line":96,"column":4}},"96":{"start":{"line":97,"column":0},"end":{"line":97,"column":54}},"97":{"start":{"line":98,"column":0},"end":{"line":98,"column":75}},"98":{"start":{"line":99,"column":0},"end":{"line":99,"column":20}},"99":{"start":{"line":100,"column":0},"end":{"line":100,"column":17}},"100":{"start":{"line":101,"column":0},"end":{"line":101,"column":3}},"101":{"start":{"line":102,"column":0},"end":{"line":102,"column":2}},"102":{"start":{"line":103,"column":0},"end":{"line":103,"column":0}},"103":{"start":{"line":104,"column":0},"end":{"line":104,"column":32}}},"s":{"0":1,"1":1,"2":1,"3":1,"4":1,"5":1,"6":1,"7":1,"8":1,"9":1,"10":1,"11":1,"12":1,"13":1,"14":1,"15":1,"16":1,"17":1,"18":1,"19":1,"20":1,"21":1,"22":1,"23":1,"24":1,"25":1,"26":1,"27":8,"28":8,"29":8,"30":8,"31":8,"32":8,"33":8,"34":8,"35":8,"36":8,"37":1,"38":1,"39":7,"40":7,"41":7,"42":7,"43":7,"44":7,"45":7,"46":7,"47":7,"48":7,"49":7,"50":7,"51":8,"52":8,"53":8,"54":8,"55":8,"56":49,"57":49,"58":49,"59":49,"60":49,"61":49,"62":49,"63":49,"64":49,"65":49,"66":49,"67":49,"68":49,"69":49,"70":49,"71":7,"72":7,"73":7,"74":7,"75":7,"76":7,"77":7,"78":7,"79":7,"80":7,"81":7,"82":49,"83":49,"84":49,"85":8,"86":8,"87":8,"88":8,"89":8,"90":8,"91":8,"92":8,"93":8,"94":8,"95":8,"96":8,"97":8,"98":8,"99":8,"100":8,"101":8,"102":1,"103":1},"branchMap":{"0":{"type":"branch","line":27,"loc":{"start":{"line":27,"column":58},"end":{"line":102,"column":2}},"locations":[{"start":{"line":27,"column":58},"end":{"line":102,"column":2}}]},"1":{"type":"branch","line":37,"loc":{"start":{"line":37,"column":77},"end":{"line":39,"column":2}},"locations":[{"start":{"line":37,"column":77},"end":{"line":39,"column":2}}]},"2":{"type":"branch","line":39,"loc":{"start":{"line":39,"column":1},"end":{"line":52,"column":32}},"locations":[{"start":{"line":39,"column":1},"end":{"line":52,"column":32}}]},"3":{"type":"branch","line":52,"loc":{"start":{"line":52,"column":16},"end":{"line":52,"column":45}},"locations":[{"start":{"line":52,"column":16},"end":{"line":52,"column":45}}]},"4":{"type":"branch","line":52,"loc":{"start":{"line":52,"column":32},"end":{"line":52,"column":57}},"locations":[{"start":{"line":52,"column":32},"end":{"line":52,"column":57}}]},"5":{"type":"branch","line":97,"loc":{"start":{"line":97,"column":8},"end":{"line":97,"column":33}},"locations":[{"start":{"line":97,"column":8},"end":{"line":97,"column":33}}]},"6":{"type":"branch","line":97,"loc":{"start":{"line":97,"column":24},"end":{"line":97,"column":50}},"locations":[{"start":{"line":97,"column":24},"end":{"line":97,"column":50}}]},"7":{"type":"branch","line":98,"loc":{"start":{"line":98,"column":42},"end":{"line":98,"column":65}},"locations":[{"start":{"line":98,"column":42},"end":{"line":98,"column":65}}]},"8":{"type":"branch","line":98,"loc":{"start":{"line":98,"column":58},"end":{"line":98,"column":73}},"locations":[{"start":{"line":98,"column":58},"end":{"line":98,"column":73}}]},"9":{"type":"branch","line":56,"loc":{"start":{"line":56,"column":24},"end":{"line":86,"column":7}},"locations":[{"start":{"line":56,"column":24},"end":{"line":86,"column":7}}]},"10":{"type":"branch","line":65,"loc":{"start":{"line":65,"column":13},"end":{"line":65,"column":35}},"locations":[{"start":{"line":65,"column":13},"end":{"line":65,"column":35}}]},"11":{"type":"branch","line":65,"loc":{"start":{"line":65,"column":22},"end":{"line":65,"column":62}},"locations":[{"start":{"line":65,"column":22},"end":{"line":65,"column":62}}]},"12":{"type":"branch","line":65,"loc":{"start":{"line":65,"column":35},"end":{"line":65,"column":62}},"locations":[{"start":{"line":65,"column":35},"end":{"line":65,"column":62}}]},"13":{"type":"branch","line":65,"loc":{"start":{"line":65,"column":47},"end":{"line":65,"column":66}},"locations":[{"start":{"line":65,"column":47},"end":{"line":65,"column":66}}]},"14":{"type":"branch","line":71,"loc":{"start":{"line":71,"column":39},"end":{"line":83,"column":10}},"locations":[{"start":{"line":71,"column":39},"end":{"line":83,"column":10}}]},"15":{"type":"branch","line":77,"loc":{"start":{"line":77,"column":30},"end":{"line":77,"column":48}},"locations":[{"start":{"line":77,"column":30},"end":{"line":77,"column":48}}]},"16":{"type":"branch","line":76,"loc":{"start":{"line":76,"column":21},"end":{"line":76,"column":58}},"locations":[{"start":{"line":76,"column":21},"end":{"line":76,"column":58}}]},"17":{"type":"branch","line":94,"loc":{"start":{"line":94,"column":13},"end":{"line":94,"column":52}},"locations":[{"start":{"line":94,"column":13},"end":{"line":94,"column":52}}]}},"b":{"0":[8],"1":[1],"2":[7],"3":[1],"4":[6],"5":[1],"6":[6],"7":[1],"8":[6],"9":[49],"10":[7],"11":[42],"12":[7],"13":[35],"14":[7],"15":[0],"16":[1],"17":[1]},"fnMap":{"0":{"name":"AppointmentTable","decl":{"start":{"line":27,"column":58},"end":{"line":102,"column":2}},"loc":{"start":{"line":27,"column":58},"end":{"line":102,"column":2}},"line":27},"1":{"name":"onClick","decl":{"start":{"line":76,"column":21},"end":{"line":76,"column":58}},"loc":{"start":{"line":76,"column":21},"end":{"line":76,"column":58}},"line":76},"2":{"name":"onClick","decl":{"start":{"line":94,"column":13},"end":{"line":94,"column":52}},"loc":{"start":{"line":94,"column":13},"end":{"line":94,"column":52}},"line":94}},"f":{"0":8,"1":1,"2":1}}
,"/Users/jjcarrancia/Projects/docplanner-challenge/src/components/AppointmentTable/styles.ts": {"path":"/Users/jjcarrancia/Projects/docplanner-challenge/src/components/AppointmentTable/styles.ts","all":false,"statementMap":{"0":{"start":{"line":1,"column":0},"end":{"line":1,"column":54}},"1":{"start":{"line":2,"column":0},"end":{"line":2,"column":0}},"2":{"start":{"line":3,"column":0},"end":{"line":3,"column":39}},"3":{"start":{"line":4,"column":0},"end":{"line":4,"column":20}},"4":{"start":{"line":5,"column":0},"end":{"line":5,"column":17}},"5":{"start":{"line":6,"column":0},"end":{"line":6,"column":25}},"6":{"start":{"line":7,"column":0},"end":{"line":7,"column":14}},"7":{"start":{"line":8,"column":0},"end":{"line":8,"column":2}},"8":{"start":{"line":9,"column":0},"end":{"line":9,"column":0}},"9":{"start":{"line":10,"column":0},"end":{"line":10,"column":32}},"10":{"start":{"line":11,"column":0},"end":{"line":11,"column":15}},"11":{"start":{"line":12,"column":0},"end":{"line":12,"column":36}},"12":{"start":{"line":13,"column":0},"end":{"line":13,"column":2}},"13":{"start":{"line":14,"column":0},"end":{"line":14,"column":0}},"14":{"start":{"line":15,"column":0},"end":{"line":15,"column":38}},"15":{"start":{"line":16,"column":0},"end":{"line":16,"column":15}},"16":{"start":{"line":17,"column":0},"end":{"line":17,"column":39}},"17":{"start":{"line":18,"column":0},"end":{"line":18,"column":20}},"18":{"start":{"line":19,"column":0},"end":{"line":19,"column":2}},"19":{"start":{"line":20,"column":0},"end":{"line":20,"column":0}},"20":{"start":{"line":21,"column":0},"end":{"line":21,"column":33}},"21":{"start":{"line":22,"column":0},"end":{"line":22,"column":20}},"22":{"start":{"line":23,"column":0},"end":{"line":23,"column":2}},"23":{"start":{"line":24,"column":0},"end":{"line":24,"column":0}},"24":{"start":{"line":25,"column":0},"end":{"line":25,"column":34}},"25":{"start":{"line":26,"column":0},"end":{"line":26,"column":14}},"26":{"start":{"line":27,"column":0},"end":{"line":27,"column":20}},"27":{"start":{"line":28,"column":0},"end":{"line":28,"column":17}},"28":{"start":{"line":29,"column":0},"end":{"line":29,"column":19}},"29":{"start":{"line":30,"column":0},"end":{"line":30,"column":20}},"30":{"start":{"line":31,"column":0},"end":{"line":31,"column":21}},"31":{"start":{"line":32,"column":0},"end":{"line":32,"column":16}},"32":{"start":{"line":33,"column":0},"end":{"line":33,"column":17}},"33":{"start":{"line":34,"column":0},"end":{"line":34,"column":21}},"34":{"start":{"line":35,"column":0},"end":{"line":35,"column":0}},"35":{"start":{"line":36,"column":0},"end":{"line":36,"column":15}},"36":{"start":{"line":37,"column":0},"end":{"line":37,"column":19}},"37":{"start":{"line":38,"column":0},"end":{"line":38,"column":2}},"38":{"start":{"line":39,"column":0},"end":{"line":39,"column":0}},"39":{"start":{"line":40,"column":0},"end":{"line":40,"column":10}},"40":{"start":{"line":41,"column":0},"end":{"line":41,"column":26}},"41":{"start":{"line":42,"column":0},"end":{"line":42,"column":17}},"42":{"start":{"line":43,"column":0},"end":{"line":43,"column":32}},"43":{"start":{"line":44,"column":0},"end":{"line":44,"column":2}},"44":{"start":{"line":45,"column":0},"end":{"line":45,"column":2}},"45":{"start":{"line":46,"column":0},"end":{"line":46,"column":0}},"46":{"start":{"line":47,"column":0},"end":{"line":47,"column":42}},"47":{"start":{"line":48,"column":0},"end":{"line":48,"column":21}},"48":{"start":{"line":49,"column":0},"end":{"line":49,"column":16}},"49":{"start":{"line":50,"column":0},"end":{"line":50,"column":17}},"50":{"start":{"line":51,"column":0},"end":{"line":51,"column":14}},"51":{"start":{"line":52,"column":0},"end":{"line":52,"column":13}},"52":{"start":{"line":53,"column":0},"end":{"line":53,"column":16}},"53":{"start":{"line":54,"column":0},"end":{"line":54,"column":14}},"54":{"start":{"line":55,"column":0},"end":{"line":55,"column":20}},"55":{"start":{"line":56,"column":0},"end":{"line":56,"column":0}},"56":{"start":{"line":57,"column":0},"end":{"line":57,"column":13}},"57":{"start":{"line":58,"column":0},"end":{"line":58,"column":15}},"58":{"start":{"line":59,"column":0},"end":{"line":59,"column":22}},"59":{"start":{"line":60,"column":0},"end":{"line":60,"column":2}},"60":{"start":{"line":61,"column":0},"end":{"line":61,"column":2}},"61":{"start":{"line":62,"column":0},"end":{"line":62,"column":0}},"62":{"start":{"line":63,"column":0},"end":{"line":63,"column":25}},"63":{"start":{"line":64,"column":0},"end":{"line":64,"column":8}},"64":{"start":{"line":65,"column":0},"end":{"line":65,"column":22}},"65":{"start":{"line":66,"column":0},"end":{"line":66,"column":3}},"66":{"start":{"line":67,"column":0},"end":{"line":67,"column":6}},"67":{"start":{"line":68,"column":0},"end":{"line":68,"column":23}},"68":{"start":{"line":69,"column":0},"end":{"line":69,"column":3}},"69":{"start":{"line":70,"column":0},"end":{"line":70,"column":2}},"70":{"start":{"line":71,"column":0},"end":{"line":71,"column":0}},"71":{"start":{"line":72,"column":0},"end":{"line":72,"column":27}},"72":{"start":{"line":73,"column":0},"end":{"line":73,"column":8}},"73":{"start":{"line":74,"column":0},"end":{"line":74,"column":23}},"74":{"start":{"line":75,"column":0},"end":{"line":75,"column":3}},"75":{"start":{"line":76,"column":0},"end":{"line":76,"column":6}},"76":{"start":{"line":77,"column":0},"end":{"line":77,"column":22}},"77":{"start":{"line":78,"column":0},"end":{"line":78,"column":3}},"78":{"start":{"line":79,"column":0},"end":{"line":79,"column":2}},"79":{"start":{"line":80,"column":0},"end":{"line":80,"column":0}},"80":{"start":{"line":81,"column":0},"end":{"line":81,"column":40}},"81":{"start":{"line":82,"column":0},"end":{"line":82,"column":19}},"82":{"start":{"line":83,"column":0},"end":{"line":83,"column":18}},"83":{"start":{"line":84,"column":0},"end":{"line":84,"column":34}},"84":{"start":{"line":85,"column":0},"end":{"line":85,"column":38}},"85":{"start":{"line":86,"column":0},"end":{"line":86,"column":0}},"86":{"start":{"line":87,"column":0},"end":{"line":87,"column":14}},"87":{"start":{"line":88,"column":0},"end":{"line":88,"column":39}},"88":{"start":{"line":89,"column":0},"end":{"line":89,"column":2}},"89":{"start":{"line":90,"column":0},"end":{"line":90,"column":0}},"90":{"start":{"line":91,"column":0},"end":{"line":91,"column":13}},"91":{"start":{"line":92,"column":0},"end":{"line":92,"column":37}},"92":{"start":{"line":93,"column":0},"end":{"line":93,"column":19}},"93":{"start":{"line":94,"column":0},"end":{"line":94,"column":15}},"94":{"start":{"line":95,"column":0},"end":{"line":95,"column":2}},"95":{"start":{"line":96,"column":0},"end":{"line":96,"column":2}},"96":{"start":{"line":97,"column":0},"end":{"line":97,"column":0}},"97":{"start":{"line":98,"column":0},"end":{"line":98,"column":41}},"98":{"start":{"line":99,"column":0},"end":{"line":99,"column":21}},"99":{"start":{"line":100,"column":0},"end":{"line":100,"column":16}},"100":{"start":{"line":101,"column":0},"end":{"line":101,"column":17}},"101":{"start":{"line":102,"column":0},"end":{"line":102,"column":15}},"102":{"start":{"line":103,"column":0},"end":{"line":103,"column":25}},"103":{"start":{"line":104,"column":0},"end":{"line":104,"column":2}}},"s":{"0":1,"1":1,"2":1,"3":1,"4":1,"5":1,"6":1,"7":1,"8":1,"9":1,"10":1,"11":1,"12":1,"13":1,"14":1,"15":1,"16":1,"17":1,"18":1,"19":1,"20":1,"21":1,"22":1,"23":1,"24":1,"25":1,"26":1,"27":1,"28":1,"29":1,"30":1,"31":1,"32":1,"33":1,"34":1,"35":1,"36":1,"37":1,"38":1,"39":1,"40":1,"41":1,"42":1,"43":1,"44":1,"45":1,"46":1,"47":1,"48":1,"49":1,"50":1,"51":1,"52":1,"53":1,"54":1,"55":1,"56":1,"57":1,"58":1,"59":1,"60":1,"61":1,"62":1,"63":1,"64":1,"65":1,"66":1,"67":1,"68":1,"69":1,"70":1,"71":1,"72":1,"73":1,"74":1,"75":1,"76":1,"77":1,"78":1,"79":1,"80":1,"81":1,"82":1,"83":1,"84":1,"85":1,"86":1,"87":1,"88":1,"89":1,"90":1,"91":1,"92":1,"93":1,"94":1,"95":1,"96":1,"97":1,"98":1,"99":1,"100":1,"101":1,"102":1,"103":1},"branchMap":{},"b":{},"fnMap":{},"f":{}}
,"/Users/jjcarrancia/Projects/docplanner-challenge/src/components/Arrow/index.tsx": {"path":"/Users/jjcarrancia/Projects/docplanner-challenge/src/components/Arrow/index.tsx","all":false,"statementMap":{"0":{"start":{"line":1,"column":0},"end":{"line":1,"column":26}},"1":{"start":{"line":2,"column":0},"end":{"line":2,"column":0}},"2":{"start":{"line":3,"column":0},"end":{"line":3,"column":22}},"3":{"start":{"line":4,"column":0},"end":{"line":4,"column":20}},"4":{"start":{"line":5,"column":0},"end":{"line":5,"column":58}},"5":{"start":{"line":6,"column":0},"end":{"line":6,"column":1}},"6":{"start":{"line":7,"column":0},"end":{"line":7,"column":0}},"7":{"start":{"line":8,"column":0},"end":{"line":8,"column":21}},"8":{"start":{"line":9,"column":0},"end":{"line":9,"column":56}},"9":{"start":{"line":10,"column":0},"end":{"line":10,"column":6}},"10":{"start":{"line":11,"column":0},"end":{"line":11,"column":21}},"11":{"start":{"line":12,"column":0},"end":{"line":12,"column":12}},"12":{"start":{"line":13,"column":0},"end":{"line":13,"column":27}},"13":{"start":{"line":14,"column":0},"end":{"line":14,"column":14}},"14":{"start":{"line":15,"column":0},"end":{"line":15,"column":26}},"15":{"start":{"line":16,"column":0},"end":{"line":16,"column":14}},"16":{"start":{"line":17,"column":0},"end":{"line":17,"column":27}},"17":{"start":{"line":18,"column":0},"end":{"line":18,"column":15}},"18":{"start":{"line":19,"column":0},"end":{"line":19,"column":25}},"19":{"start":{"line":20,"column":0},"end":{"line":20,"column":10}},"20":{"start":{"line":21,"column":0},"end":{"line":21,"column":27}},"21":{"start":{"line":22,"column":0},"end":{"line":22,"column":2}},"22":{"start":{"line":23,"column":0},"end":{"line":23,"column":2}},"23":{"start":{"line":24,"column":0},"end":{"line":24,"column":0}},"24":{"start":{"line":25,"column":0},"end":{"line":25,"column":27}},"25":{"start":{"line":26,"column":0},"end":{"line":26,"column":67}},"26":{"start":{"line":27,"column":0},"end":{"line":27,"column":41}},"27":{"start":{"line":28,"column":0},"end":{"line":28,"column":0}},"28":{"start":{"line":29,"column":0},"end":{"line":29,"column":9}},"29":{"start":{"line":30,"column":0},"end":{"line":30,"column":6}},"30":{"start":{"line":31,"column":0},"end":{"line":31,"column":26}},"31":{"start":{"line":32,"column":0},"end":{"line":32,"column":11}},"32":{"start":{"line":33,"column":0},"end":{"line":33,"column":24}},"33":{"start":{"line":34,"column":0},"end":{"line":34,"column":28}},"34":{"start":{"line":35,"column":0},"end":{"line":35,"column":14}},"35":{"start":{"line":36,"column":0},"end":{"line":36,"column":15}},"36":{"start":{"line":37,"column":0},"end":{"line":37,"column":5}},"37":{"start":{"line":38,"column":0},"end":{"line":38,"column":3}},"38":{"start":{"line":39,"column":0},"end":{"line":39,"column":7}},"39":{"start":{"line":40,"column":0},"end":{"line":40,"column":16}},"40":{"start":{"line":41,"column":0},"end":{"line":41,"column":17}},"41":{"start":{"line":42,"column":0},"end":{"line":42,"column":23}},"42":{"start":{"line":43,"column":0},"end":{"line":43,"column":15}},"43":{"start":{"line":44,"column":0},"end":{"line":44,"column":38}},"44":{"start":{"line":45,"column":0},"end":{"line":45,"column":4}},"45":{"start":{"line":46,"column":0},"end":{"line":46,"column":9}},"46":{"start":{"line":47,"column":0},"end":{"line":47,"column":378}},"47":{"start":{"line":48,"column":0},"end":{"line":48,"column":34}},"48":{"start":{"line":49,"column":0},"end":{"line":49,"column":6}},"49":{"start":{"line":50,"column":0},"end":{"line":50,"column":9}},"50":{"start":{"line":51,"column":0},"end":{"line":51,"column":8}},"51":{"start":{"line":52,"column":0},"end":{"line":52,"column":3}},"52":{"start":{"line":53,"column":0},"end":{"line":53,"column":2}},"53":{"start":{"line":54,"column":0},"end":{"line":54,"column":0}},"54":{"start":{"line":55,"column":0},"end":{"line":55,"column":21}}},"s":{"0":1,"1":1,"2":1,"3":1,"4":1,"5":1,"6":1,"7":1,"8":27,"9":27,"10":27,"11":27,"12":2,"13":27,"14":7,"15":27,"16":8,"17":27,"18":8,"19":27,"20":2,"21":27,"22":27,"23":1,"24":1,"25":1,"26":27,"27":27,"28":27,"29":27,"30":27,"31":27,"32":27,"33":27,"34":27,"35":27,"36":27,"37":27,"38":27,"39":27,"40":27,"41":27,"42":27,"43":27,"44":27,"45":27,"46":27,"47":27,"48":27,"49":27,"50":27,"51":27,"52":27,"53":1,"54":1},"branchMap":{"0":{"type":"branch","line":8,"loc":{"start":{"line":8,"column":20},"end":{"line":23,"column":2}},"locations":[{"start":{"line":8,"column":20},"end":{"line":23,"column":2}}]},"1":{"type":"branch","line":12,"loc":{"start":{"line":12,"column":2},"end":{"line":13,"column":27}},"locations":[{"start":{"line":12,"column":2},"end":{"line":13,"column":27}}]},"2":{"type":"branch","line":14,"loc":{"start":{"line":14,"column":2},"end":{"line":15,"column":26}},"locations":[{"start":{"line":14,"column":2},"end":{"line":15,"column":26}}]},"3":{"type":"branch","line":16,"loc":{"start":{"line":16,"column":2},"end":{"line":17,"column":27}},"locations":[{"start":{"line":16,"column":2},"end":{"line":17,"column":27}}]},"4":{"type":"branch","line":18,"loc":{"start":{"line":18,"column":2},"end":{"line":19,"column":25}},"locations":[{"start":{"line":18,"column":2},"end":{"line":19,"column":25}}]},"5":{"type":"branch","line":20,"loc":{"start":{"line":20,"column":2},"end":{"line":21,"column":27}},"locations":[{"start":{"line":20,"column":2},"end":{"line":21,"column":27}}]},"6":{"type":"branch","line":26,"loc":{"start":{"line":26,"column":36},"end":{"line":53,"column":2}},"locations":[{"start":{"line":26,"column":36},"end":{"line":53,"column":2}}]},"7":{"type":"branch","line":48,"loc":{"start":{"line":48,"column":11},"end":{"line":48,"column":34}},"locations":[{"start":{"line":48,"column":11},"end":{"line":48,"column":34}}]}},"b":{"0":[27],"1":[2],"2":[7],"3":[8],"4":[8],"5":[2],"6":[27],"7":[5]},"fnMap":{"0":{"name":"getRotation","decl":{"start":{"line":8,"column":20},"end":{"line":23,"column":2}},"loc":{"start":{"line":8,"column":20},"end":{"line":23,"column":2}},"line":8},"1":{"name":"Arrow","decl":{"start":{"line":26,"column":36},"end":{"line":53,"column":2}},"loc":{"start":{"line":26,"column":36},"end":{"line":53,"column":2}},"line":26}},"f":{"0":27,"1":27}}
,"/Users/jjcarrancia/Projects/docplanner-challenge/src/components/RescheduleAppointment/index.tsx": {"path":"/Users/jjcarrancia/Projects/docplanner-challenge/src/components/RescheduleAppointment/index.tsx","all":false,"statementMap":{"0":{"start":{"line":1,"column":0},"end":{"line":1,"column":26}},"1":{"start":{"line":2,"column":0},"end":{"line":2,"column":56}},"2":{"start":{"line":3,"column":0},"end":{"line":3,"column":44}},"3":{"start":{"line":4,"column":0},"end":{"line":4,"column":0}},"4":{"start":{"line":5,"column":0},"end":{"line":5,"column":38}},"5":{"start":{"line":6,"column":0},"end":{"line":6,"column":52}},"6":{"start":{"line":7,"column":0},"end":{"line":7,"column":18}},"7":{"start":{"line":8,"column":0},"end":{"line":8,"column":36}},"8":{"start":{"line":9,"column":0},"end":{"line":9,"column":1}},"9":{"start":{"line":10,"column":0},"end":{"line":10,"column":0}},"10":{"start":{"line":11,"column":0},"end":{"line":11,"column":70}},"11":{"start":{"line":12,"column":0},"end":{"line":12,"column":19}},"12":{"start":{"line":13,"column":0},"end":{"line":13,"column":9}},"13":{"start":{"line":14,"column":0},"end":{"line":14,"column":14}},"14":{"start":{"line":15,"column":0},"end":{"line":15,"column":7}},"15":{"start":{"line":16,"column":0},"end":{"line":16,"column":32}},"16":{"start":{"line":17,"column":0},"end":{"line":17,"column":65}},"17":{"start":{"line":18,"column":0},"end":{"line":18,"column":0}},"18":{"start":{"line":19,"column":0},"end":{"line":19,"column":9}},"19":{"start":{"line":20,"column":0},"end":{"line":20,"column":4}},"20":{"start":{"line":21,"column":0},"end":{"line":21,"column":6}},"21":{"start":{"line":22,"column":0},"end":{"line":22,"column":21}},"22":{"start":{"line":23,"column":0},"end":{"line":23,"column":10}},"23":{"start":{"line":24,"column":0},"end":{"line":24,"column":31}},"24":{"start":{"line":25,"column":0},"end":{"line":25,"column":7}},"25":{"start":{"line":26,"column":0},"end":{"line":26,"column":20}},"26":{"start":{"line":27,"column":0},"end":{"line":27,"column":20}},"27":{"start":{"line":28,"column":0},"end":{"line":28,"column":37}},"28":{"start":{"line":29,"column":0},"end":{"line":29,"column":6}},"29":{"start":{"line":30,"column":0},"end":{"line":30,"column":24}},"30":{"start":{"line":31,"column":0},"end":{"line":31,"column":35}},"31":{"start":{"line":32,"column":0},"end":{"line":32,"column":4}},"32":{"start":{"line":33,"column":0},"end":{"line":33,"column":19}},"33":{"start":{"line":34,"column":0},"end":{"line":34,"column":22}},"34":{"start":{"line":35,"column":0},"end":{"line":35,"column":5}},"35":{"start":{"line":36,"column":0},"end":{"line":36,"column":3}},"36":{"start":{"line":37,"column":0},"end":{"line":37,"column":2}},"37":{"start":{"line":38,"column":0},"end":{"line":38,"column":0}},"38":{"start":{"line":39,"column":0},"end":{"line":39,"column":37}}},"s":{"0":1,"1":1,"2":1,"3":1,"4":1,"5":1,"6":1,"7":1,"8":1,"9":1,"10":1,"11":3,"12":3,"13":3,"14":3,"15":3,"16":2,"17":2,"18":2,"19":2,"20":2,"21":2,"22":2,"23":2,"24":2,"25":2,"26":2,"27":1,"28":1,"29":2,"30":2,"31":2,"32":2,"33":2,"34":2,"35":2,"36":2,"37":1,"38":1},"branchMap":{"0":{"type":"branch","line":11,"loc":{"start":{"line":11,"column":68},"end":{"line":37,"column":2}},"locations":[{"start":{"line":11,"column":68},"end":{"line":37,"column":2}}]},"1":{"type":"branch","line":16,"loc":{"start":{"line":16,"column":20},"end":{"line":16,"column":32}},"locations":[{"start":{"line":16,"column":20},"end":{"line":16,"column":32}}]},"2":{"type":"branch","line":16,"loc":{"start":{"line":16,"column":27},"end":{"line":37,"column":2}},"locations":[{"start":{"line":16,"column":27},"end":{"line":37,"column":2}}]},"3":{"type":"branch","line":27,"loc":{"start":{"line":27,"column":13},"end":{"line":29,"column":6}},"locations":[{"start":{"line":27,"column":13},"end":{"line":29,"column":6}}]}},"b":{"0":[3],"1":[1],"2":[2],"3":[1]},"fnMap":{"0":{"name":"RescheduleAppointment","decl":{"start":{"line":11,"column":68},"end":{"line":37,"column":2}},"loc":{"start":{"line":11,"column":68},"end":{"line":37,"column":2}},"line":11},"1":{"name":"onClick","decl":{"start":{"line":27,"column":13},"end":{"line":29,"column":6}},"loc":{"start":{"line":27,"column":13},"end":{"line":29,"column":6}},"line":27}},"f":{"0":3,"1":1}}
,"/Users/jjcarrancia/Projects/docplanner-challenge/src/components/RescheduleAppointment/styles.ts": {"path":"/Users/jjcarrancia/Projects/docplanner-challenge/src/components/RescheduleAppointment/styles.ts","all":false,"statementMap":{"0":{"start":{"line":1,"column":0},"end":{"line":1,"column":39}},"1":{"start":{"line":2,"column":0},"end":{"line":2,"column":0}},"2":{"start":{"line":3,"column":0},"end":{"line":3,"column":46}},"3":{"start":{"line":4,"column":0},"end":{"line":4,"column":21}},"4":{"start":{"line":5,"column":0},"end":{"line":5,"column":14}},"5":{"start":{"line":6,"column":0},"end":{"line":6,"column":14}},"6":{"start":{"line":7,"column":0},"end":{"line":7,"column":17}},"7":{"start":{"line":8,"column":0},"end":{"line":8,"column":17}},"8":{"start":{"line":9,"column":0},"end":{"line":9,"column":19}},"9":{"start":{"line":10,"column":0},"end":{"line":10,"column":13}},"10":{"start":{"line":11,"column":0},"end":{"line":11,"column":13}},"11":{"start":{"line":12,"column":0},"end":{"line":12,"column":2}}},"s":{"0":1,"1":1,"2":1,"3":1,"4":1,"5":1,"6":1,"7":1,"8":1,"9":1,"10":1,"11":1},"branchMap":{},"b":{},"fnMap":{},"f":{}}
,"/Users/jjcarrancia/Projects/docplanner-challenge/src/containers/Appointments/index.tsx": {"path":"/Users/jjcarrancia/Projects/docplanner-challenge/src/containers/Appointments/index.tsx","all":false,"statementMap":{"0":{"start":{"line":1,"column":0},"end":{"line":1,"column":64}},"1":{"start":{"line":2,"column":0},"end":{"line":2,"column":76}},"2":{"start":{"line":3,"column":0},"end":{"line":3,"column":68}},"3":{"start":{"line":4,"column":0},"end":{"line":4,"column":48}},"4":{"start":{"line":5,"column":0},"end":{"line":5,"column":77}},"5":{"start":{"line":6,"column":0},"end":{"line":6,"column":0}},"6":{"start":{"line":7,"column":0},"end":{"line":7,"column":38}},"7":{"start":{"line":8,"column":0},"end":{"line":8,"column":50}},"8":{"start":{"line":9,"column":0},"end":{"line":9,"column":2}},"9":{"start":{"line":10,"column":0},"end":{"line":10,"column":41}},"10":{"start":{"line":11,"column":0},"end":{"line":11,"column":53}},"11":{"start":{"line":12,"column":0},"end":{"line":12,"column":2}},"12":{"start":{"line":13,"column":0},"end":{"line":13,"column":36}},"13":{"start":{"line":14,"column":0},"end":{"line":14,"column":48}},"14":{"start":{"line":15,"column":0},"end":{"line":15,"column":2}},"15":{"start":{"line":16,"column":0},"end":{"line":16,"column":0}},"16":{"start":{"line":17,"column":0},"end":{"line":17,"column":26}},"17":{"start":{"line":18,"column":0},"end":{"line":18,"column":14}},"18":{"start":{"line":19,"column":0},"end":{"line":19,"column":20}},"19":{"start":{"line":20,"column":0},"end":{"line":20,"column":15}},"20":{"start":{"line":21,"column":0},"end":{"line":21,"column":15}},"21":{"start":{"line":22,"column":0},"end":{"line":22,"column":1}},"22":{"start":{"line":23,"column":0},"end":{"line":23,"column":0}},"23":{"start":{"line":24,"column":0},"end":{"line":24,"column":30}},"24":{"start":{"line":25,"column":0},"end":{"line":25,"column":16}},"25":{"start":{"line":26,"column":0},"end":{"line":26,"column":22}},"26":{"start":{"line":27,"column":0},"end":{"line":27,"column":20}},"27":{"start":{"line":28,"column":0},"end":{"line":28,"column":18}},"28":{"start":{"line":29,"column":0},"end":{"line":29,"column":18}},"29":{"start":{"line":30,"column":0},"end":{"line":30,"column":1}},"30":{"start":{"line":31,"column":0},"end":{"line":31,"column":0}},"31":{"start":{"line":32,"column":0},"end":{"line":32,"column":28}},"32":{"start":{"line":33,"column":0},"end":{"line":33,"column":28}},"33":{"start":{"line":34,"column":0},"end":{"line":34,"column":49}},"34":{"start":{"line":35,"column":0},"end":{"line":35,"column":47}},"35":{"start":{"line":36,"column":0},"end":{"line":36,"column":52}},"36":{"start":{"line":37,"column":0},"end":{"line":37,"column":11}},"37":{"start":{"line":38,"column":0},"end":{"line":38,"column":15}},"38":{"start":{"line":39,"column":0},"end":{"line":39,"column":26}},"39":{"start":{"line":40,"column":0},"end":{"line":40,"column":29}},"40":{"start":{"line":41,"column":0},"end":{"line":41,"column":22}},"41":{"start":{"line":42,"column":0},"end":{"line":42,"column":3}},"42":{"start":{"line":43,"column":0},"end":{"line":43,"column":2}},"43":{"start":{"line":44,"column":0},"end":{"line":44,"column":0}},"44":{"start":{"line":45,"column":0},"end":{"line":45,"column":38}},"45":{"start":{"line":46,"column":0},"end":{"line":46,"column":54}},"46":{"start":{"line":47,"column":0},"end":{"line":47,"column":46}},"47":{"start":{"line":48,"column":0},"end":{"line":48,"column":3}},"48":{"start":{"line":49,"column":0},"end":{"line":49,"column":65}},"49":{"start":{"line":50,"column":0},"end":{"line":50,"column":23}},"50":{"start":{"line":51,"column":0},"end":{"line":51,"column":8}},"51":{"start":{"line":52,"column":0},"end":{"line":52,"column":56}},"52":{"start":{"line":53,"column":0},"end":{"line":53,"column":38}},"53":{"start":{"line":54,"column":0},"end":{"line":54,"column":44}},"54":{"start":{"line":55,"column":0},"end":{"line":55,"column":60}},"55":{"start":{"line":56,"column":0},"end":{"line":56,"column":37}},"56":{"start":{"line":57,"column":0},"end":{"line":57,"column":60}},"57":{"start":{"line":58,"column":0},"end":{"line":58,"column":0}},"58":{"start":{"line":59,"column":0},"end":{"line":59,"column":43}},"59":{"start":{"line":60,"column":0},"end":{"line":60,"column":41}},"60":{"start":{"line":61,"column":0},"end":{"line":61,"column":46}},"61":{"start":{"line":62,"column":0},"end":{"line":62,"column":27}},"62":{"start":{"line":63,"column":0},"end":{"line":63,"column":35}},"63":{"start":{"line":64,"column":0},"end":{"line":64,"column":0}},"64":{"start":{"line":65,"column":0},"end":{"line":65,"column":43}},"65":{"start":{"line":66,"column":0},"end":{"line":66,"column":78}},"66":{"start":{"line":67,"column":0},"end":{"line":67,"column":27}},"67":{"start":{"line":68,"column":0},"end":{"line":68,"column":35}},"68":{"start":{"line":69,"column":0},"end":{"line":69,"column":0}},"69":{"start":{"line":70,"column":0},"end":{"line":70,"column":40}},"70":{"start":{"line":71,"column":0},"end":{"line":71,"column":7}},"71":{"start":{"line":72,"column":0},"end":{"line":72,"column":61}},"72":{"start":{"line":73,"column":0},"end":{"line":73,"column":53}},"73":{"start":{"line":74,"column":0},"end":{"line":74,"column":56}},"74":{"start":{"line":75,"column":0},"end":{"line":75,"column":35}},"75":{"start":{"line":76,"column":0},"end":{"line":76,"column":19}},"76":{"start":{"line":77,"column":0},"end":{"line":77,"column":56}},"77":{"start":{"line":78,"column":0},"end":{"line":78,"column":13}},"78":{"start":{"line":79,"column":0},"end":{"line":79,"column":21}},"79":{"start":{"line":80,"column":0},"end":{"line":80,"column":3}},"80":{"start":{"line":81,"column":0},"end":{"line":81,"column":3}},"81":{"start":{"line":82,"column":0},"end":{"line":82,"column":0}},"82":{"start":{"line":83,"column":0},"end":{"line":83,"column":18}},"83":{"start":{"line":84,"column":0},"end":{"line":84,"column":22}},"84":{"start":{"line":85,"column":0},"end":{"line":85,"column":0}},"85":{"start":{"line":86,"column":0},"end":{"line":86,"column":39}},"86":{"start":{"line":87,"column":0},"end":{"line":87,"column":75}},"87":{"start":{"line":88,"column":0},"end":{"line":88,"column":51}},"88":{"start":{"line":89,"column":0},"end":{"line":89,"column":19}},"89":{"start":{"line":90,"column":0},"end":{"line":90,"column":0}},"90":{"start":{"line":91,"column":0},"end":{"line":91,"column":40}},"91":{"start":{"line":92,"column":0},"end":{"line":92,"column":19}},"92":{"start":{"line":93,"column":0},"end":{"line":93,"column":42}},"93":{"start":{"line":94,"column":0},"end":{"line":94,"column":33}},"94":{"start":{"line":95,"column":0},"end":{"line":95,"column":11}},"95":{"start":{"line":96,"column":0},"end":{"line":96,"column":40}},"96":{"start":{"line":97,"column":0},"end":{"line":97,"column":36}},"97":{"start":{"line":98,"column":0},"end":{"line":98,"column":5}},"98":{"start":{"line":99,"column":0},"end":{"line":99,"column":18}},"99":{"start":{"line":100,"column":0},"end":{"line":100,"column":19}},"100":{"start":{"line":101,"column":0},"end":{"line":101,"column":19}},"101":{"start":{"line":102,"column":0},"end":{"line":102,"column":49}},"102":{"start":{"line":103,"column":0},"end":{"line":103,"column":45}},"103":{"start":{"line":104,"column":0},"end":{"line":104,"column":6}},"104":{"start":{"line":105,"column":0},"end":{"line":105,"column":35}},"105":{"start":{"line":106,"column":0},"end":{"line":106,"column":3}},"106":{"start":{"line":107,"column":0},"end":{"line":107,"column":20}},"107":{"start":{"line":108,"column":0},"end":{"line":108,"column":3}},"108":{"start":{"line":109,"column":0},"end":{"line":109,"column":0}},"109":{"start":{"line":110,"column":0},"end":{"line":110,"column":9}},"110":{"start":{"line":111,"column":0},"end":{"line":111,"column":7}},"111":{"start":{"line":112,"column":0},"end":{"line":112,"column":69}},"112":{"start":{"line":113,"column":0},"end":{"line":113,"column":20}},"113":{"start":{"line":114,"column":0},"end":{"line":114,"column":45}},"114":{"start":{"line":115,"column":0},"end":{"line":115,"column":29}},"115":{"start":{"line":116,"column":0},"end":{"line":116,"column":35}},"116":{"start":{"line":117,"column":0},"end":{"line":117,"column":35}},"117":{"start":{"line":118,"column":0},"end":{"line":118,"column":25}},"118":{"start":{"line":119,"column":0},"end":{"line":119,"column":57}},"119":{"start":{"line":120,"column":0},"end":{"line":120,"column":5}},"120":{"start":{"line":121,"column":0},"end":{"line":121,"column":25}},"121":{"start":{"line":122,"column":0},"end":{"line":122,"column":41}},"122":{"start":{"line":123,"column":0},"end":{"line":123,"column":21}},"123":{"start":{"line":124,"column":0},"end":{"line":124,"column":56}},"124":{"start":{"line":125,"column":0},"end":{"line":125,"column":5}},"125":{"start":{"line":126,"column":0},"end":{"line":126,"column":8}},"126":{"start":{"line":127,"column":0},"end":{"line":127,"column":3}},"127":{"start":{"line":128,"column":0},"end":{"line":128,"column":2}},"128":{"start":{"line":129,"column":0},"end":{"line":129,"column":0}},"129":{"start":{"line":130,"column":0},"end":{"line":130,"column":28}}},"s":{"0":1,"1":1,"2":1,"3":1,"4":1,"5":1,"6":1,"7":1,"8":1,"9":1,"10":1,"11":1,"12":1,"13":1,"14":1,"15":1,"16":1,"17":1,"18":1,"19":1,"20":1,"21":1,"22":1,"23":1,"24":1,"25":1,"26":1,"27":1,"28":1,"29":1,"30":1,"31":1,"32":1,"33":1,"34":1,"35":1,"36":1,"37":1,"38":1,"39":1,"40":1,"41":1,"42":1,"43":1,"44":1,"45":1,"46":1,"47":1,"48":1,"49":1,"50":1,"51":1,"52":1,"53":1,"54":1,"55":1,"56":1,"57":1,"58":1,"59":0,"60":0,"61":0,"62":1,"63":1,"64":1,"65":0,"66":0,"67":1,"68":1,"69":1,"70":0,"71":0,"72":0,"73":0,"74":0,"75":0,"76":0,"77":0,"78":0,"79":0,"80":0,"81":1,"82":1,"83":0,"84":0,"85":0,"86":0,"87":0,"88":1,"89":1,"90":1,"91":0,"92":0,"93":0,"94":0,"95":0,"96":0,"97":0,"98":0,"99":0,"100":0,"101":0,"102":0,"103":0,"104":0,"105":0,"106":0,"107":0,"108":1,"109":1,"110":1,"111":1,"112":1,"113":1,"114":1,"115":1,"116":1,"117":1,"118":1,"119":1,"120":1,"121":1,"122":1,"123":1,"124":1,"125":1,"126":1,"127":1,"128":1,"129":1},"branchMap":{"0":{"type":"branch","line":8,"loc":{"start":{"line":8,"column":1},"end":{"line":8,"column":50}},"locations":[{"start":{"line":8,"column":1},"end":{"line":8,"column":50}}]},"1":{"type":"branch","line":11,"loc":{"start":{"line":11,"column":1},"end":{"line":11,"column":53}},"locations":[{"start":{"line":11,"column":1},"end":{"line":11,"column":53}}]},"2":{"type":"branch","line":14,"loc":{"start":{"line":14,"column":1},"end":{"line":14,"column":48}},"locations":[{"start":{"line":14,"column":1},"end":{"line":14,"column":48}}]},"3":{"type":"branch","line":45,"loc":{"start":{"line":45,"column":31},"end":{"line":128,"column":2}},"locations":[{"start":{"line":45,"column":31},"end":{"line":128,"column":2}}]},"4":{"type":"branch","line":124,"loc":{"start":{"line":124,"column":18},"end":{"line":124,"column":51}},"locations":[{"start":{"line":124,"column":18},"end":{"line":124,"column":51}}]}},"b":{"0":[1],"1":[1],"2":[1],"3":[1],"4":[0]},"fnMap":{"0":{"name":"Appointments","decl":{"start":{"line":45,"column":31},"end":{"line":128,"column":2}},"loc":{"start":{"line":45,"column":31},"end":{"line":128,"column":2}},"line":45},"1":{"name":"fetchAppointments","decl":{"start":{"line":70,"column":27},"end":{"line":81,"column":3}},"loc":{"start":{"line":70,"column":27},"end":{"line":81,"column":3}},"line":70},"2":{"name":"updateAppointment","decl":{"start":{"line":91,"column":27},"end":{"line":108,"column":3}},"loc":{"start":{"line":91,"column":27},"end":{"line":108,"column":3}},"line":91}},"f":{"0":1,"1":0,"2":0}}
,"/Users/jjcarrancia/Projects/docplanner-challenge/src/services/availabilityService.ts": {"path":"/Users/jjcarrancia/Projects/docplanner-challenge/src/services/availabilityService.ts","all":false,"statementMap":{"0":{"start":{"line":1,"column":0},"end":{"line":1,"column":50}},"1":{"start":{"line":2,"column":0},"end":{"line":2,"column":0}},"2":{"start":{"line":3,"column":0},"end":{"line":3,"column":36}},"3":{"start":{"line":4,"column":0},"end":{"line":4,"column":69}},"4":{"start":{"line":5,"column":0},"end":{"line":5,"column":6}},"5":{"start":{"line":6,"column":0},"end":{"line":6,"column":31}},"6":{"start":{"line":7,"column":0},"end":{"line":7,"column":51}},"7":{"start":{"line":8,"column":0},"end":{"line":8,"column":4}},"8":{"start":{"line":9,"column":0},"end":{"line":9,"column":21}},"9":{"start":{"line":10,"column":0},"end":{"line":10,"column":50}},"10":{"start":{"line":11,"column":0},"end":{"line":11,"column":3}},"11":{"start":{"line":12,"column":0},"end":{"line":12,"column":37}},"12":{"start":{"line":13,"column":0},"end":{"line":13,"column":14}},"13":{"start":{"line":14,"column":0},"end":{"line":14,"column":18}},"14":{"start":{"line":15,"column":0},"end":{"line":15,"column":55}},"15":{"start":{"line":16,"column":0},"end":{"line":16,"column":14}},"16":{"start":{"line":17,"column":0},"end":{"line":17,"column":2}},"17":{"start":{"line":18,"column":0},"end":{"line":18,"column":2}},"18":{"start":{"line":19,"column":0},"end":{"line":19,"column":0}},"19":{"start":{"line":20,"column":0},"end":{"line":20,"column":26}},"20":{"start":{"line":21,"column":0},"end":{"line":21,"column":46}},"21":{"start":{"line":22,"column":0},"end":{"line":22,"column":6}},"22":{"start":{"line":23,"column":0},"end":{"line":23,"column":68}},"23":{"start":{"line":24,"column":0},"end":{"line":24,"column":18}},"24":{"start":{"line":25,"column":0},"end":{"line":25,"column":13}},"25":{"start":{"line":26,"column":0},"end":{"line":26,"column":39}},"26":{"start":{"line":27,"column":0},"end":{"line":27,"column":5}},"27":{"start":{"line":28,"column":0},"end":{"line":28,"column":30}},"28":{"start":{"line":29,"column":0},"end":{"line":29,"column":5}},"29":{"start":{"line":30,"column":0},"end":{"line":30,"column":21}},"30":{"start":{"line":31,"column":0},"end":{"line":31,"column":50}},"31":{"start":{"line":32,"column":0},"end":{"line":32,"column":10}},"32":{"start":{"line":33,"column":0},"end":{"line":33,"column":19}},"33":{"start":{"line":34,"column":0},"end":{"line":34,"column":3}},"34":{"start":{"line":35,"column":0},"end":{"line":35,"column":18}},"35":{"start":{"line":36,"column":0},"end":{"line":36,"column":46}},"36":{"start":{"line":37,"column":0},"end":{"line":37,"column":14}},"37":{"start":{"line":38,"column":0},"end":{"line":38,"column":2}},"38":{"start":{"line":39,"column":0},"end":{"line":39,"column":2}}},"s":{"0":1,"1":1,"2":1,"3":1,"4":3,"5":3,"6":3,"7":3,"8":3,"9":1,"10":1,"11":1,"12":1,"13":3,"14":2,"15":2,"16":2,"17":3,"18":1,"19":1,"20":1,"21":3,"22":3,"23":3,"24":3,"25":3,"26":3,"27":3,"28":3,"29":3,"30":1,"31":1,"32":1,"33":1,"34":3,"35":2,"36":2,"37":2,"38":3},"branchMap":{"0":{"type":"branch","line":4,"loc":{"start":{"line":4,"column":30},"end":{"line":18,"column":2}},"locations":[{"start":{"line":4,"column":30},"end":{"line":18,"column":2}}]},"1":{"type":"branch","line":8,"loc":{"start":{"line":8,"column":2},"end":{"line":9,"column":20}},"locations":[{"start":{"line":8,"column":2},"end":{"line":9,"column":20}}]},"2":{"type":"branch","line":9,"loc":{"start":{"line":9,"column":20},"end":{"line":14,"column":10}},"locations":[{"start":{"line":9,"column":20},"end":{"line":14,"column":10}}]},"3":{"type":"branch","line":14,"loc":{"start":{"line":14,"column":1},"end":{"line":17,"column":2}},"locations":[{"start":{"line":14,"column":1},"end":{"line":17,"column":2}}]},"4":{"type":"branch","line":21,"loc":{"start":{"line":21,"column":24},"end":{"line":39,"column":2}},"locations":[{"start":{"line":21,"column":24},"end":{"line":39,"column":2}}]},"5":{"type":"branch","line":29,"loc":{"start":{"line":29,"column":3},"end":{"line":30,"column":20}},"locations":[{"start":{"line":29,"column":3},"end":{"line":30,"column":20}}]},"6":{"type":"branch","line":30,"loc":{"start":{"line":30,"column":20},"end":{"line":34,"column":3}},"locations":[{"start":{"line":30,"column":20},"end":{"line":34,"column":3}}]},"7":{"type":"branch","line":35,"loc":{"start":{"line":35,"column":1},"end":{"line":38,"column":2}},"locations":[{"start":{"line":35,"column":1},"end":{"line":38,"column":2}}]}},"b":{"0":[3],"1":[2],"2":[1],"3":[2],"4":[3],"5":[2],"6":[1],"7":[2]},"fnMap":{"0":{"name":"getWeeklySlots","decl":{"start":{"line":4,"column":30},"end":{"line":18,"column":2}},"loc":{"start":{"line":4,"column":30},"end":{"line":18,"column":2}},"line":4},"1":{"name":"bookSlot","decl":{"start":{"line":21,"column":24},"end":{"line":39,"column":2}},"loc":{"start":{"line":21,"column":24},"end":{"line":39,"column":2}},"line":21}},"f":{"0":3,"1":3}}
,"/Users/jjcarrancia/Projects/docplanner-challenge/src/utils/appointmentUtils.ts": {"path":"/Users/jjcarrancia/Projects/docplanner-challenge/src/utils/appointmentUtils.ts","all":false,"statementMap":{"0":{"start":{"line":1,"column":0},"end":{"line":1,"column":34}},"1":{"start":{"line":2,"column":0},"end":{"line":2,"column":0}},"2":{"start":{"line":3,"column":0},"end":{"line":3,"column":29}},"3":{"start":{"line":4,"column":0},"end":{"line":4,"column":10}},"4":{"start":{"line":5,"column":0},"end":{"line":5,"column":11}},"5":{"start":{"line":6,"column":0},"end":{"line":6,"column":13}},"6":{"start":{"line":7,"column":0},"end":{"line":7,"column":12}},"7":{"start":{"line":8,"column":0},"end":{"line":8,"column":10}},"8":{"start":{"line":9,"column":0},"end":{"line":9,"column":12}},"9":{"start":{"line":10,"column":0},"end":{"line":10,"column":10}},"10":{"start":{"line":11,"column":0},"end":{"line":11,"column":2}},"11":{"start":{"line":12,"column":0},"end":{"line":12,"column":0}},"12":{"start":{"line":13,"column":0},"end":{"line":13,"column":38}},"13":{"start":{"line":14,"column":0},"end":{"line":14,"column":22}},"14":{"start":{"line":15,"column":0},"end":{"line":15,"column":1}},"15":{"start":{"line":16,"column":0},"end":{"line":16,"column":0}},"16":{"start":{"line":17,"column":0},"end":{"line":17,"column":73}},"17":{"start":{"line":18,"column":0},"end":{"line":18,"column":53}},"18":{"start":{"line":19,"column":0},"end":{"line":19,"column":32}},"19":{"start":{"line":20,"column":0},"end":{"line":20,"column":32}},"20":{"start":{"line":21,"column":0},"end":{"line":21,"column":4}},"21":{"start":{"line":22,"column":0},"end":{"line":22,"column":28}},"22":{"start":{"line":23,"column":0},"end":{"line":23,"column":2}},"23":{"start":{"line":24,"column":0},"end":{"line":24,"column":0}},"24":{"start":{"line":25,"column":0},"end":{"line":25,"column":39}},"25":{"start":{"line":26,"column":0},"end":{"line":26,"column":20}},"26":{"start":{"line":27,"column":0},"end":{"line":27,"column":27}},"27":{"start":{"line":28,"column":0},"end":{"line":28,"column":61}},"28":{"start":{"line":29,"column":0},"end":{"line":29,"column":0}},"29":{"start":{"line":30,"column":0},"end":{"line":30,"column":40}},"30":{"start":{"line":31,"column":0},"end":{"line":31,"column":58}},"31":{"start":{"line":32,"column":0},"end":{"line":32,"column":0}},"32":{"start":{"line":33,"column":0},"end":{"line":33,"column":45}},"33":{"start":{"line":34,"column":0},"end":{"line":34,"column":4}},"34":{"start":{"line":35,"column":0},"end":{"line":35,"column":0}},"35":{"start":{"line":36,"column":0},"end":{"line":36,"column":28}},"36":{"start":{"line":37,"column":0},"end":{"line":37,"column":2}}},"s":{"0":1,"1":1,"2":1,"3":1,"4":1,"5":1,"6":1,"7":1,"8":1,"9":1,"10":1,"11":1,"12":1,"13":1,"14":1,"15":1,"16":1,"17":0,"18":0,"19":0,"20":0,"21":0,"22":0,"23":1,"24":1,"25":0,"26":0,"27":0,"28":0,"29":0,"30":0,"31":0,"32":0,"33":0,"34":0,"35":0,"36":0},"branchMap":{},"b":{},"fnMap":{"0":{"name":"initializeGroupedAppointments","decl":{"start":{"line":17,"column":45},"end":{"line":23,"column":2}},"loc":{"start":{"line":17,"column":45},"end":{"line":23,"column":2}},"line":17},"1":{"name":"groupAppointmentsByDay","decl":{"start":{"line":25,"column":38},"end":{"line":37,"column":2}},"loc":{"start":{"line":25,"column":38},"end":{"line":37,"column":2}},"line":25}},"f":{"0":0,"1":0}}
,"/Users/jjcarrancia/Projects/docplanner-challenge/src/utils/dateUtils.ts": {"path":"/Users/jjcarrancia/Projects/docplanner-challenge/src/utils/dateUtils.ts","all":false,"statementMap":{"0":{"start":{"line":1,"column":0},"end":{"line":1,"column":57}},"1":{"start":{"line":2,"column":0},"end":{"line":2,"column":0}},"2":{"start":{"line":3,"column":0},"end":{"line":3,"column":65}},"3":{"start":{"line":4,"column":0},"end":{"line":4,"column":22}},"4":{"start":{"line":5,"column":0},"end":{"line":5,"column":53}},"5":{"start":{"line":6,"column":0},"end":{"line":6,"column":2}},"6":{"start":{"line":7,"column":0},"end":{"line":7,"column":0}},"7":{"start":{"line":8,"column":0},"end":{"line":8,"column":65}},"8":{"start":{"line":9,"column":0},"end":{"line":9,"column":42}},"9":{"start":{"line":10,"column":0},"end":{"line":10,"column":47}},"10":{"start":{"line":11,"column":0},"end":{"line":11,"column":2}},"11":{"start":{"line":12,"column":0},"end":{"line":12,"column":0}},"12":{"start":{"line":13,"column":0},"end":{"line":13,"column":48}},"13":{"start":{"line":14,"column":0},"end":{"line":14,"column":59}},"14":{"start":{"line":15,"column":0},"end":{"line":15,"column":35}},"15":{"start":{"line":16,"column":0},"end":{"line":16,"column":30}},"16":{"start":{"line":17,"column":0},"end":{"line":17,"column":2}}},"s":{"0":1,"1":1,"2":1,"3":4,"4":4,"5":4,"6":1,"7":1,"8":1,"9":0,"10":0,"11":1,"12":1,"13":1,"14":7,"15":7,"16":7},"branchMap":{"0":{"type":"branch","line":3,"loc":{"start":{"line":3,"column":33},"end":{"line":6,"column":2}},"locations":[{"start":{"line":3,"column":33},"end":{"line":6,"column":2}}]},"1":{"type":"branch","line":4,"loc":{"start":{"line":4,"column":12},"end":{"line":4,"column":22}},"locations":[{"start":{"line":4,"column":12},"end":{"line":4,"column":22}}]},"2":{"type":"branch","line":14,"loc":{"start":{"line":14,"column":26},"end":{"line":17,"column":2}},"locations":[{"start":{"line":14,"column":26},"end":{"line":17,"column":2}}]}},"b":{"0":[4],"1":[0],"2":[7]},"fnMap":{"0":{"name":"formatDisplayDate","decl":{"start":{"line":3,"column":33},"end":{"line":6,"column":2}},"loc":{"start":{"line":3,"column":33},"end":{"line":6,"column":2}},"line":3},"1":{"name":"getMonday","decl":{"start":{"line":9,"column":25},"end":{"line":11,"column":2}},"loc":{"start":{"line":9,"column":25},"end":{"line":11,"column":2}},"line":9},"2":{"name":"formatTime","decl":{"start":{"line":14,"column":26},"end":{"line":17,"column":2}},"loc":{"start":{"line":14,"column":26},"end":{"line":17,"column":2}},"line":14}},"f":{"0":4,"1":0,"2":7}}
}
